[INFO] Scanning for projects...
[INFO] 
[INFO] ---------------------< com.doffeii:eureka-server >----------------------
[INFO] Building eureka-server 1.0-SNAPSHOT
[INFO]   from pom.xml
[INFO] --------------------------------[ jar ]---------------------------------
[INFO] 
[INFO] >>> spring-boot:4.0.2:run (default-cli) > test-compile @ eureka-server >>>
[INFO] 
[INFO] --- resources:3.4.0:resources (default-resources) @ eureka-server ---
[INFO] Copying 3 resources from src\main\resources to target\classes
[INFO] 
[INFO] --- compiler:3.13.0:compile (default-compile) @ eureka-server ---
[INFO] Nothing to compile - all classes are up to date.
[INFO] 
[INFO] --- resources:3.4.0:testResources (default-testResources) @ eureka-server ---
[INFO] skip non existing resourceDirectory D:\MCA\Sem4\project\CineVisionMicroserviceProject\eureka-server\src\test\resources
[INFO] 
[INFO] --- compiler:3.13.0:testCompile (default-testCompile) @ eureka-server ---
[INFO] No sources to compile
[INFO] 
[INFO] <<< spring-boot:4.0.2:run (default-cli) < test-compile @ eureka-server <<<
[INFO] 
[INFO] 
[INFO] --- spring-boot:4.0.2:run (default-cli) @ eureka-server ---
[INFO] Attaching agents: []
,------.                          ,--.                 ,---.
|  .---' ,--.,--. ,--.--.  ,---.  |  |,-.   ,--,--.   '   .-'   ,---.  ,--.--. ,--.  ,--.  ,---.  ,--.--.
|  `--,  |  ||  | |  .--' | .-. : |     /  ' ,-.  |   `.  `-.  | .-. : |  .--'  \  `'  /  | .-. : |  .--'
|  `---. '  ''  ' |  |    \   --. |  \  \  \ '-'  |   .-'    | \   --. |  |      \    /   \   --. |  |
`------'  `----'  `--'     `----' `--'`--'  `--`--'   `-----'   `----' `--'       `--'     `----' `--'
2026-05-19T09:19:19.283+05:30  INFO 21804 --- [eureka-server] [           main] c.d.e.EurekaServerApplication            : Starting EurekaServerApplication using Java 21.0.10 with PID 21804 (D:\MCA\Sem4\project\CineVisionMicroserviceProject\eureka-server\target\classes started by Sonu in D:\MCA\Sem4\project\CineVisionMicroserviceProject\eureka-server)
2026-05-19T09:19:19.286+05:30  INFO 21804 --- [eureka-server] [           main] c.d.e.EurekaServerApplication            : No active profile set, falling back to 1 default profile: "default"
2026-05-19T09:19:20.152+05:30  INFO 21804 --- [eureka-server] [           main] o.s.cloud.context.scope.GenericScope     : BeanFactory id=914650cd-bf5f-3c64-bdbb-c13a4ce78df7
2026-05-19T09:19:20.350+05:30  INFO 21804 --- [eureka-server] [           main] o.s.boot.tomcat.TomcatWebServer          : Tomcat initialized with port 8761 (http)
2026-05-19T09:19:20.363+05:30  INFO 21804 --- [eureka-server] [           main] o.apache.catalina.core.StandardService   : Starting service [Tomcat]
2026-05-19T09:19:20.363+05:30  INFO 21804 --- [eureka-server] [           main] o.apache.catalina.core.StandardEngine    : Starting Servlet engine: [Apache Tomcat/11.0.15]
2026-05-19T09:19:20.419+05:30  INFO 21804 --- [eureka-server] [           main] b.w.c.s.WebApplicationContextInitializer : Root WebApplicationContext: initialization completed in 1087 ms
2026-05-19T09:19:21.164+05:30  INFO 21804 --- [eureka-server] [           main] c.n.d.provider.DiscoveryJerseyProvider   : Using JSON encoding codec LegacyJacksonJson
2026-05-19T09:19:21.166+05:30  INFO 21804 --- [eureka-server] [           main] c.n.d.provider.DiscoveryJerseyProvider   : Using JSON decoding codec LegacyJacksonJson
2026-05-19T09:19:21.291+05:30  INFO 21804 --- [eureka-server] [           main] c.n.d.provider.DiscoveryJerseyProvider   : Using XML encoding codec XStreamXml
2026-05-19T09:19:21.291+05:30  INFO 21804 --- [eureka-server] [           main] c.n.d.provider.DiscoveryJerseyProvider   : Using XML decoding codec XStreamXml
2026-05-19T09:19:21.532+05:30  INFO 21804 --- [eureka-server] [           main] r$InitializeUserDetailsManagerConfigurer : Global AuthenticationManager configured with UserDetailsService bean with name userDetailsService
2026-05-19T09:19:21.803+05:30  INFO 21804 --- [eureka-server] [           main] o.s.v.b.OptionalValidatorFactoryBean     : Failed to set up a Bean Validation provider: jakarta.validation.NoProviderFoundException: Unable to create a Configuration, because no Jakarta Validation provider could be found. Add a provider like Hibernate Validator (RI) to your classpath.
2026-05-19T09:19:22.453+05:30  WARN 21804 --- [eureka-server] [           main] iguration$LoadBalancerCaffeineWarnLogger : Spring Cloud LoadBalancer is currently working with the default cache. While this cache implementation is useful for development and tests, it's recommended to use Caffeine cache in production.You can switch to using Caffeine cache, by adding it and org.springframework.cache.caffeine.CaffeineCacheManager to the classpath.
2026-05-19T09:19:22.477+05:30  INFO 21804 --- [eureka-server] [           main] o.s.c.n.eureka.InstanceInfoFactory       : Setting initial instance status as: STARTING
2026-05-19T09:19:22.496+05:30  INFO 21804 --- [eureka-server] [           main] com.netflix.discovery.DiscoveryClient    : Initializing Eureka in region us-east-1
2026-05-19T09:19:22.497+05:30  INFO 21804 --- [eureka-server] [           main] com.netflix.discovery.DiscoveryClient    : Client configured to neither register nor query for data.
2026-05-19T09:19:22.499+05:30  INFO 21804 --- [eureka-server] [           main] com.netflix.discovery.DiscoveryClient    : Discovery Client initialized at timestamp 1779162562498 with initial instances count: 0
2026-05-19T09:19:22.539+05:30  INFO 21804 --- [eureka-server] [           main] c.n.eureka.DefaultEurekaServerContext    : Initializing ...
2026-05-19T09:19:22.541+05:30  INFO 21804 --- [eureka-server] [           main] c.n.eureka.cluster.PeerEurekaNodes       : Adding new peer nodes [http://localhost:8761/eureka/]
2026-05-19T09:19:22.656+05:30  INFO 21804 --- [eureka-server] [           main] c.n.d.provider.DiscoveryJerseyProvider   : Using JSON encoding codec LegacyJacksonJson
2026-05-19T09:19:22.658+05:30  INFO 21804 --- [eureka-server] [           main] c.n.d.provider.DiscoveryJerseyProvider   : Using JSON decoding codec LegacyJacksonJson
2026-05-19T09:19:22.659+05:30  INFO 21804 --- [eureka-server] [           main] c.n.d.provider.DiscoveryJerseyProvider   : Using XML encoding codec XStreamXml
2026-05-19T09:19:22.659+05:30  INFO 21804 --- [eureka-server] [           main] c.n.d.provider.DiscoveryJerseyProvider   : Using XML decoding codec XStreamXml
2026-05-19T09:19:22.702+05:30  INFO 21804 --- [eureka-server] [           main] c.n.eureka.cluster.PeerEurekaNodes       : Replica node URL:  http://localhost:8761/eureka/
2026-05-19T09:19:22.712+05:30  INFO 21804 --- [eureka-server] [           main] c.n.e.registry.AbstractInstanceRegistry  : Finished initializing remote region registries. All known remote regions: []
2026-05-19T09:19:22.713+05:30  INFO 21804 --- [eureka-server] [           main] c.n.eureka.DefaultEurekaServerContext    : Initialized
2026-05-19T09:19:22.723+05:30  INFO 21804 --- [eureka-server] [           main] o.s.b.a.e.web.EndpointLinksResolver      : Exposing 1 endpoint beneath base path '/actuator'
2026-05-19T09:19:22.778+05:30  INFO 21804 --- [eureka-server] [           main] o.s.c.n.e.s.EurekaServiceRegistry        : Registering application EUREKA-SERVER with eureka with status UP
2026-05-19T09:19:22.791+05:30  INFO 21804 --- [eureka-server] [       Thread-9] o.s.c.n.e.server.EurekaServerBootstrap   : isAws returned false
2026-05-19T09:19:22.792+05:30  INFO 21804 --- [eureka-server] [       Thread-9] o.s.c.n.e.server.EurekaServerBootstrap   : Initialized server context
2026-05-19T09:19:22.792+05:30  INFO 21804 --- [eureka-server] [       Thread-9] c.n.e.r.PeerAwareInstanceRegistryImpl    : Got 1 instances from neighboring DS node
2026-05-19T09:19:22.792+05:30  INFO 21804 --- [eureka-server] [       Thread-9] c.n.e.r.PeerAwareInstanceRegistryImpl    : Renew threshold is: 1
2026-05-19T09:19:22.793+05:30  INFO 21804 --- [eureka-server] [       Thread-9] c.n.e.r.PeerAwareInstanceRegistryImpl    : Changing status to UP
2026-05-19T09:19:22.796+05:30  INFO 21804 --- [eureka-server] [       Thread-9] e.s.EurekaServerInitializerConfiguration : Started Eureka Server
2026-05-19T09:19:22.810+05:30  INFO 21804 --- [eureka-server] [           main] o.s.boot.tomcat.TomcatWebServer          : Tomcat started on port 8761 (http) with context path '/'
2026-05-19T09:19:22.812+05:30  INFO 21804 --- [eureka-server] [           main] .s.c.n.e.s.EurekaAutoServiceRegistration : Updating port to 8761
2026-05-19T09:19:22.829+05:30  INFO 21804 --- [eureka-server] [           main] c.d.e.EurekaServerApplication            : Started EurekaServerApplication in 3.927 seconds (process running for 4.397)
2026-05-19T09:19:40.531+05:30  INFO 21804 --- [eureka-server] [nio-8761-exec-1] o.a.c.c.C.[Tomcat].[localhost].[/]       : Initializing Spring DispatcherServlet 'dispatcherServlet'
2026-05-19T09:19:40.534+05:30  INFO 21804 --- [eureka-server] [nio-8761-exec-1] o.s.web.servlet.DispatcherServlet        : Initializing Servlet 'dispatcherServlet'
2026-05-19T09:19:40.536+05:30  INFO 21804 --- [eureka-server] [nio-8761-exec-1] o.s.web.servlet.DispatcherServlet        : Completed initialization in 2 ms
2026-05-19T09:19:41.334+05:30  INFO 21804 --- [eureka-server] [nio-8761-exec-2] c.n.e.registry.AbstractInstanceRegistry  : Registered instance USERSERVICE/SparkNotFunky:userService:0 with status UP (replication=false)
2026-05-19T09:19:42.098+05:30 ERROR 21804 --- [eureka-server] [get_localhost-6] c.n.e.cluster.ReplicationTaskProcessor   : Batch update failure with HTTP status code 401; discarding 1 replication tasks
2026-05-19T09:19:42.100+05:30  WARN 21804 --- [eureka-server] [get_localhost-6] c.n.eureka.util.batcher.TaskExecutors    : Discarding 1 tasks of TaskBatchingWorker-target_localhost-6 due to permanent error
2026-05-19T09:19:59.638+05:30  INFO 21804 --- [eureka-server] [nio-8761-exec-5] c.n.e.registry.AbstractInstanceRegistry  : Registered instance MOVIESERVICE/SparkNotFunky:movieService:0 with status UP (replication=false)
2026-05-19T09:20:00.152+05:30 ERROR 21804 --- [eureka-server] [get_localhost-6] c.n.e.cluster.ReplicationTaskProcessor   : Batch update failure with HTTP status code 401; discarding 1 replication tasks
2026-05-19T09:20:00.152+05:30  WARN 21804 --- [eureka-server] [get_localhost-6] c.n.eureka.util.batcher.TaskExecutors    : Discarding 1 tasks of TaskBatchingWorker-target_localhost-6 due to permanent error
2026-05-19T09:20:01.771+05:30  INFO 21804 --- [eureka-server] [nio-8761-exec-8] c.n.e.registry.AbstractInstanceRegistry  : Registered instance API-GATEWAY/SparkNotFunky:api-gateway with status UP (replication=false)
2026-05-19T09:20:02.284+05:30 ERROR 21804 --- [eureka-server] [et_localhost-12] c.n.e.cluster.ReplicationTaskProcessor   : Batch update failure with HTTP status code 401; discarding 1 replication tasks
2026-05-19T09:20:02.285+05:30  WARN 21804 --- [eureka-server] [et_localhost-12] c.n.eureka.util.batcher.TaskExecutors    : Discarding 1 tasks of TaskBatchingWorker-target_localhost-12 due to permanent error
2026-05-19T09:20:11.637+05:30 ERROR 21804 --- [eureka-server] [get_localhost-7] c.n.e.cluster.ReplicationTaskProcessor   : Batch update failure with HTTP status code 401; discarding 1 replication tasks
2026-05-19T09:20:11.637+05:30  WARN 21804 --- [eureka-server] [get_localhost-7] c.n.eureka.util.batcher.TaskExecutors    : Discarding 1 tasks of TaskBatchingWorker-target_localhost-7 due to permanent error
2026-05-19T09:20:22.801+05:30  INFO 21804 --- [eureka-server] [a-EvictionTimer] c.n.e.registry.AbstractInstanceRegistry  : Running the evict task with compensationTime 0ms
2026-05-19T09:20:30.117+05:30 ERROR 21804 --- [eureka-server] [get_localhost-6] c.n.e.cluster.ReplicationTaskProcessor   : Batch update failure with HTTP status code 401; discarding 1 replication tasks
2026-05-19T09:20:30.118+05:30  WARN 21804 --- [eureka-server] [get_localhost-6] c.n.eureka.util.batcher.TaskExecutors    : Discarding 1 tasks of TaskBatchingWorker-target_localhost-6 due to permanent error
2026-05-19T09:20:32.231+05:30 ERROR 21804 --- [eureka-server] [et_localhost-12] c.n.e.cluster.ReplicationTaskProcessor   : Batch update failure with HTTP status code 401; discarding 1 replication tasks
2026-05-19T09:20:32.231+05:30  WARN 21804 --- [eureka-server] [et_localhost-12] c.n.eureka.util.batcher.TaskExecutors    : Discarding 1 tasks of TaskBatchingWorker-target_localhost-12 due to permanent error
2026-05-19T09:20:41.794+05:30 ERROR 21804 --- [eureka-server] [get_localhost-8] c.n.e.cluster.ReplicationTaskProcessor   : Batch update failure with HTTP status code 401; discarding 1 replication tasks
2026-05-19T09:20:41.794+05:30  WARN 21804 --- [eureka-server] [get_localhost-8] c.n.eureka.util.batcher.TaskExecutors    : Discarding 1 tasks of TaskBatchingWorker-target_localhost-8 due to permanent error
2026-05-19T09:21:00.246+05:30 ERROR 21804 --- [eureka-server] [get_localhost-5] c.n.e.cluster.ReplicationTaskProcessor   : Batch update failure with HTTP status code 401; discarding 1 replication tasks
2026-05-19T09:21:00.247+05:30  WARN 21804 --- [eureka-server] [get_localhost-5] c.n.eureka.util.batcher.TaskExecutors    : Discarding 1 tasks of TaskBatchingWorker-target_localhost-5 due to permanent error
2026-05-19T09:21:02.341+05:30 ERROR 21804 --- [eureka-server] [et_localhost-15] c.n.e.cluster.ReplicationTaskProcessor   : Batch update failure with HTTP status code 401; discarding 1 replication tasks
2026-05-19T09:21:02.341+05:30  WARN 21804 --- [eureka-server] [et_localhost-15] c.n.eureka.util.batcher.TaskExecutors    : Discarding 1 tasks of TaskBatchingWorker-target_localhost-15 due to permanent error
2026-05-19T09:21:11.910+05:30 ERROR 21804 --- [eureka-server] [get_localhost-7] c.n.e.cluster.ReplicationTaskProcessor   : Batch update failure with HTTP status code 401; discarding 1 replication tasks
2026-05-19T09:21:11.910+05:30  WARN 21804 --- [eureka-server] [get_localhost-7] c.n.eureka.util.batcher.TaskExecutors    : Discarding 1 tasks of TaskBatchingWorker-target_localhost-7 due to permanent error
2026-05-19T09:21:22.802+05:30  INFO 21804 --- [eureka-server] [a-EvictionTimer] c.n.e.registry.AbstractInstanceRegistry  : Running the evict task with compensationTime 0ms
2026-05-19T09:21:30.354+05:30 ERROR 21804 --- [eureka-server] [get_localhost-5] c.n.e.cluster.ReplicationTaskProcessor   : Batch update failure with HTTP status code 401; discarding 1 replication tasks
2026-05-19T09:21:30.354+05:30  WARN 21804 --- [eureka-server] [get_localhost-5] c.n.eureka.util.batcher.TaskExecutors    : Discarding 1 tasks of TaskBatchingWorker-target_localhost-5 due to permanent error
2026-05-19T09:21:32.437+05:30 ERROR 21804 --- [eureka-server] [et_localhost-15] c.n.e.cluster.ReplicationTaskProcessor   : Batch update failure with HTTP status code 401; discarding 1 replication tasks
2026-05-19T09:21:32.440+05:30  WARN 21804 --- [eureka-server] [et_localhost-15] c.n.eureka.util.batcher.TaskExecutors    : Discarding 1 tasks of TaskBatchingWorker-target_localhost-15 due to permanent error
2026-05-19T09:21:42.012+05:30 ERROR 21804 --- [eureka-server] [get_localhost-7] c.n.e.cluster.ReplicationTaskProcessor   : Batch update failure with HTTP status code 401; discarding 1 replication tasks
2026-05-19T09:21:42.013+05:30  WARN 21804 --- [eureka-server] [get_localhost-7] c.n.eureka.util.batcher.TaskExecutors    : Discarding 1 tasks of TaskBatchingWorker-target_localhost-7 due to permanent error
2026-05-19T09:22:00.491+05:30 ERROR 21804 --- [eureka-server] [get_localhost-8] c.n.e.cluster.ReplicationTaskProcessor   : Batch update failure with HTTP status code 401; discarding 1 replication tasks
2026-05-19T09:22:00.491+05:30  WARN 21804 --- [eureka-server] [get_localhost-8] c.n.eureka.util.batcher.TaskExecutors    : Discarding 1 tasks of TaskBatchingWorker-target_localhost-8 due to permanent error
2026-05-19T09:22:02.526+05:30 ERROR 21804 --- [eureka-server] [get_localhost-5] c.n.e.cluster.ReplicationTaskProcessor   : Batch update failure with HTTP status code 401; discarding 1 replication tasks
2026-05-19T09:22:02.526+05:30  WARN 21804 --- [eureka-server] [get_localhost-5] c.n.eureka.util.batcher.TaskExecutors    : Discarding 1 tasks of TaskBatchingWorker-target_localhost-5 due to permanent error
2026-05-19T09:22:12.099+05:30 ERROR 21804 --- [eureka-server] [get_localhost-6] c.n.e.cluster.ReplicationTaskProcessor   : Batch update failure with HTTP status code 401; discarding 1 replication tasks
2026-05-19T09:22:12.101+05:30  WARN 21804 --- [eureka-server] [get_localhost-6] c.n.eureka.util.batcher.TaskExecutors    : Discarding 1 tasks of TaskBatchingWorker-target_localhost-6 due to permanent error
2026-05-19T09:22:22.804+05:30  INFO 21804 --- [eureka-server] [a-EvictionTimer] c.n.e.registry.AbstractInstanceRegistry  : Running the evict task with compensationTime 1ms
2026-05-19T09:22:30.569+05:30 ERROR 21804 --- [eureka-server] [get_localhost-8] c.n.e.cluster.ReplicationTaskProcessor   : Batch update failure with HTTP status code 401; discarding 1 replication tasks
2026-05-19T09:22:30.570+05:30  WARN 21804 --- [eureka-server] [get_localhost-8] c.n.eureka.util.batcher.TaskExecutors    : Discarding 1 tasks of TaskBatchingWorker-target_localhost-8 due to permanent error
2026-05-19T09:22:32.596+05:30 ERROR 21804 --- [eureka-server] [get_localhost-5] c.n.e.cluster.ReplicationTaskProcessor   : Batch update failure with HTTP status code 401; discarding 1 replication tasks
2026-05-19T09:22:32.598+05:30  WARN 21804 --- [eureka-server] [get_localhost-5] c.n.eureka.util.batcher.TaskExecutors    : Discarding 1 tasks of TaskBatchingWorker-target_localhost-5 due to permanent error
2026-05-19T09:22:42.236+05:30 ERROR 21804 --- [eureka-server] [et_localhost-16] c.n.e.cluster.ReplicationTaskProcessor   : Batch update failure with HTTP status code 401; discarding 1 replication tasks
2026-05-19T09:22:42.238+05:30  WARN 21804 --- [eureka-server] [et_localhost-16] c.n.eureka.util.batcher.TaskExecutors    : Discarding 1 tasks of TaskBatchingWorker-target_localhost-16 due to permanent error
2026-05-19T09:23:00.701+05:30 ERROR 21804 --- [eureka-server] [get_localhost-8] c.n.e.cluster.ReplicationTaskProcessor   : Batch update failure with HTTP status code 401; discarding 1 replication tasks
2026-05-19T09:23:00.701+05:30  WARN 21804 --- [eureka-server] [get_localhost-8] c.n.eureka.util.batcher.TaskExecutors    : Discarding 1 tasks of TaskBatchingWorker-target_localhost-8 due to permanent error
2026-05-19T09:23:02.751+05:30 ERROR 21804 --- [eureka-server] [get_localhost-5] c.n.e.cluster.ReplicationTaskProcessor   : Batch update failure with HTTP status code 401; discarding 1 replication tasks
2026-05-19T09:23:02.752+05:30  WARN 21804 --- [eureka-server] [get_localhost-5] c.n.eureka.util.batcher.TaskExecutors    : Discarding 1 tasks of TaskBatchingWorker-target_localhost-5 due to permanent error
2026-05-19T09:23:12.333+05:30 ERROR 21804 --- [eureka-server] [et_localhost-15] c.n.e.cluster.ReplicationTaskProcessor   : Batch update failure with HTTP status code 401; discarding 1 replication tasks
2026-05-19T09:23:12.335+05:30  WARN 21804 --- [eureka-server] [et_localhost-15] c.n.eureka.util.batcher.TaskExecutors    : Discarding 1 tasks of TaskBatchingWorker-target_localhost-15 due to permanent error
2026-05-19T09:23:22.805+05:30  INFO 21804 --- [eureka-server] [a-EvictionTimer] c.n.e.registry.AbstractInstanceRegistry  : Running the evict task with compensationTime 1ms
2026-05-19T09:23:30.817+05:30 ERROR 21804 --- [eureka-server] [et_localhost-12] c.n.e.cluster.ReplicationTaskProcessor   : Batch update failure with HTTP status code 401; discarding 1 replication tasks
2026-05-19T09:23:30.817+05:30  WARN 21804 --- [eureka-server] [et_localhost-12] c.n.eureka.util.batcher.TaskExecutors    : Discarding 1 tasks of TaskBatchingWorker-target_localhost-12 due to permanent error
2026-05-19T09:23:32.860+05:30 ERROR 21804 --- [eureka-server] [get_localhost-7] c.n.e.cluster.ReplicationTaskProcessor   : Batch update failure with HTTP status code 401; discarding 1 replication tasks
2026-05-19T09:23:32.860+05:30  WARN 21804 --- [eureka-server] [get_localhost-7] c.n.eureka.util.batcher.TaskExecutors    : Discarding 1 tasks of TaskBatchingWorker-target_localhost-7 due to permanent error
2026-05-19T09:23:42.456+05:30 ERROR 21804 --- [eureka-server] [et_localhost-15] c.n.e.cluster.ReplicationTaskProcessor   : Batch update failure with HTTP status code 401; discarding 1 replication tasks
2026-05-19T09:23:42.458+05:30  WARN 21804 --- [eureka-server] [et_localhost-15] c.n.eureka.util.batcher.TaskExecutors    : Discarding 1 tasks of TaskBatchingWorker-target_localhost-15 due to permanent error
2026-05-19T09:23:43.570+05:30  INFO 21804 --- [eureka-server] [io-8761-exec-10] c.n.e.registry.AbstractInstanceRegistry  : Registered instance MOVIESERVICE/SparkNotFunky:movieService:0 with status UP (replication=false)
2026-05-19T09:23:44.087+05:30 ERROR 21804 --- [eureka-server] [et_localhost-15] c.n.e.cluster.ReplicationTaskProcessor   : Batch update failure with HTTP status code 401; discarding 1 replication tasks
2026-05-19T09:23:44.089+05:30  WARN 21804 --- [eureka-server] [et_localhost-15] c.n.eureka.util.batcher.TaskExecutors    : Discarding 1 tasks of TaskBatchingWorker-target_localhost-15 due to permanent error
2026-05-19T09:23:46.830+05:30  INFO 21804 --- [eureka-server] [nio-8761-exec-2] c.n.e.registry.AbstractInstanceRegistry  : Registered instance API-GATEWAY/SparkNotFunky:api-gateway with status UP (replication=false)
2026-05-19T09:23:47.345+05:30 ERROR 21804 --- [eureka-server] [et_localhost-13] c.n.e.cluster.ReplicationTaskProcessor   : Batch update failure with HTTP status code 401; discarding 1 replication tasks
2026-05-19T09:23:47.347+05:30  WARN 21804 --- [eureka-server] [et_localhost-13] c.n.eureka.util.batcher.TaskExecutors    : Discarding 1 tasks of TaskBatchingWorker-target_localhost-13 due to permanent error
2026-05-19T09:23:49.132+05:30  INFO 21804 --- [eureka-server] [nio-8761-exec-5] c.n.e.registry.AbstractInstanceRegistry  : Registered instance API-GATEWAY/SparkNotFunky:api-gateway with status DOWN (replication=false)
2026-05-19T09:23:49.237+05:30  INFO 21804 --- [eureka-server] [nio-8761-exec-6] c.n.e.registry.AbstractInstanceRegistry  : Cancelled instance API-GATEWAY/SparkNotFunky:api-gateway (replication=false)
2026-05-19T09:23:49.643+05:30 ERROR 21804 --- [eureka-server] [get_localhost-2] c.n.e.cluster.ReplicationTaskProcessor   : Batch update failure with HTTP status code 401; discarding 2 replication tasks
2026-05-19T09:23:49.645+05:30  WARN 21804 --- [eureka-server] [get_localhost-2] c.n.eureka.util.batcher.TaskExecutors    : Discarding 2 tasks of TaskBatchingWorker-target_localhost-2 due to permanent error
2026-05-19T09:24:00.908+05:30 ERROR 21804 --- [eureka-server] [get_localhost-8] c.n.e.cluster.ReplicationTaskProcessor   : Batch update failure with HTTP status code 401; discarding 1 replication tasks
2026-05-19T09:24:00.910+05:30  WARN 21804 --- [eureka-server] [get_localhost-8] c.n.eureka.util.batcher.TaskExecutors    : Discarding 1 tasks of TaskBatchingWorker-target_localhost-8 due to permanent error
2026-05-19T09:24:02.448+05:30  WARN 21804 --- [eureka-server] [nio-8761-exec-5] c.n.e.registry.AbstractInstanceRegistry  : DS: Registry: lease doesn't exist, registering resource: API-GATEWAY - SparkNotFunky:api-gateway
2026-05-19T09:24:02.449+05:30  WARN 21804 --- [eureka-server] [nio-8761-exec-5] c.n.eureka.resources.InstanceResource    : Not Found (Renew): API-GATEWAY - SparkNotFunky:api-gateway
2026-05-19T09:24:02.600+05:30  INFO 21804 --- [eureka-server] [nio-8761-exec-6] c.n.e.registry.AbstractInstanceRegistry  : Registered instance API-GATEWAY/SparkNotFunky:api-gateway with status UP (replication=false)
2026-05-19T09:24:03.115+05:30 ERROR 21804 --- [eureka-server] [et_localhost-13] c.n.e.cluster.ReplicationTaskProcessor   : Batch update failure with HTTP status code 401; discarding 1 replication tasks
2026-05-19T09:24:03.115+05:30  WARN 21804 --- [eureka-server] [et_localhost-13] c.n.eureka.util.batcher.TaskExecutors    : Discarding 1 tasks of TaskBatchingWorker-target_localhost-13 due to permanent error
2026-05-19T09:24:12.560+05:30 ERROR 21804 --- [eureka-server] [get_localhost-2] c.n.e.cluster.ReplicationTaskProcessor   : Batch update failure with HTTP status code 401; discarding 1 replication tasks
2026-05-19T09:24:12.561+05:30  WARN 21804 --- [eureka-server] [get_localhost-2] c.n.eureka.util.batcher.TaskExecutors    : Discarding 1 tasks of TaskBatchingWorker-target_localhost-2 due to permanent error
[INFO] ------------------------------------------------------------------------
[INFO] BUILD FAILURE
[INFO] ------------------------------------------------------------------------
[INFO] Total time:  05:00 min
[INFO] Finished at: 2026-05-19T09:24:15+05:30
[INFO] ------------------------------------------------------------------------
[ERROR] Failed to execute goal org.springframework.boot:spring-boot-maven-plugin:4.0.2:run (default-cli) on project eureka-server: Process terminated with exit code: 1073807364 -> [Help 1]
[ERROR] 
[ERROR] To see the full stack trace of the errors, re-run Maven with the -e switch.
[ERROR] Re-run Maven using the -X switch to enable full debug logging.
[ERROR] 
[ERROR] For more information about the errors and possible solutions, please read the following articles:
[ERROR] [Help 1] http://cwiki.apache.org/confluence/display/MAVEN/MojoExecutionException
