Starting userService with MAIL_USERNAME=klassicalparadox@gmail.com
[INFO] Scanning for projects...
[INFO] 
[INFO] ----------------------< com.doffeii:user-service >----------------------
[INFO] Building userService 1.0-SNAPSHOT
[INFO]   from pom.xml
[INFO] --------------------------------[ jar ]---------------------------------
[INFO] 
[INFO] >>> spring-boot:4.0.2:run (default-cli) > test-compile @ user-service >>>
[INFO] 
[INFO] --- resources:3.4.0:resources (default-resources) @ user-service ---
[INFO] Copying 5 resources from src\main\resources to target\classes
[INFO] 
[INFO] --- compiler:3.13.0:compile (default-compile) @ user-service ---
[INFO] Nothing to compile - all classes are up to date.
[INFO] 
[INFO] --- resources:3.4.0:testResources (default-testResources) @ user-service ---
[INFO] skip non existing resourceDirectory D:\MCA\Sem4\project\CineVisionMicroserviceProject\userService\src\test\resources
[INFO] 
[INFO] --- compiler:3.13.0:testCompile (default-testCompile) @ user-service ---
[INFO] Nothing to compile - all classes are up to date.
[INFO] 
[INFO] <<< spring-boot:4.0.2:run (default-cli) < test-compile @ user-service <<<
[INFO] 
[INFO] 
[INFO] --- spring-boot:4.0.2:run (default-cli) @ user-service ---
[INFO] Attaching agents: []
                                                                      ,--.
,--.,--.  ,---.   ,---.  ,--.--.    ,---.   ,---.  ,--.--. ,--.  ,--. `--'  ,---.  ,---.
|  ||  | (  .-'  | .-. : |  .--'   (  .-'  | .-. : |  .--'  \  `'  /  ,--. | .--' | .-. :
'  ''  ' .-'  `) \   --. |  |      .-'  `) \   --. |  |      \    /   |  | \ `--. \   --.
 `----'  `----'   `----' `--'      `----'   `----' `--'       `--'    `--'  `---'  `----'
2026-05-19T09:19:37.404+05:30  INFO 24100 --- [userService] [           main] c.d.userService.UserServiceApplication   : Starting UserServiceApplication using Java 21.0.10 with PID 24100 (D:\MCA\Sem4\project\CineVisionMicroserviceProject\userService\target\classes started by Sonu in D:\MCA\Sem4\project\CineVisionMicroserviceProject\userService)
2026-05-19T09:19:37.407+05:30  INFO 24100 --- [userService] [           main] c.d.userService.UserServiceApplication   : No active profile set, falling back to 1 default profile: "default"
2026-05-19T09:19:38.029+05:30  INFO 24100 --- [userService] [           main] .s.d.r.c.RepositoryConfigurationDelegate : Bootstrapping Spring Data MongoDB repositories in DEFAULT mode.
2026-05-19T09:19:38.129+05:30  INFO 24100 --- [userService] [           main] .s.d.r.c.RepositoryConfigurationDelegate : Finished Spring Data repository scanning in 95 ms. Found 1 MongoDB repository interface.
2026-05-19T09:19:38.371+05:30  INFO 24100 --- [userService] [           main] o.s.cloud.context.scope.GenericScope     : BeanFactory id=23907e3a-a39f-3247-b2a8-f2d4997b3971
2026-05-19T09:19:38.649+05:30  INFO 24100 --- [userService] [           main] o.s.boot.tomcat.TomcatWebServer          : Tomcat initialized with port 0 (http)
2026-05-19T09:19:38.662+05:30  INFO 24100 --- [userService] [           main] o.apache.catalina.core.StandardService   : Starting service [Tomcat]
2026-05-19T09:19:38.662+05:30  INFO 24100 --- [userService] [           main] o.apache.catalina.core.StandardEngine    : Starting Servlet engine: [Apache Tomcat/11.0.15]
2026-05-19T09:19:38.714+05:30  INFO 24100 --- [userService] [           main] b.w.c.s.WebApplicationContextInitializer : Root WebApplicationContext: initialization completed in 1269 ms
2026-05-19T09:19:38.918+05:30  INFO 24100 --- [userService] [           main] org.mongodb.driver.client                : MongoClient with metadata {"driver": {"name": "mongo-java-driver|spring-boot|sync", "version": "5.6.2"}, "os": {"type": "Windows", "name": "Windows 11", "architecture": "amd64", "version": "10.0"}, "platform": "Java/Eclipse Adoptium/21.0.10+7-LTS"} created with settings MongoClientSettings{readPreference=primary, writeConcern=WriteConcern{w=null, wTimeout=null ms, journal=null}, retryWrites=true, retryReads=true, readConcern=ReadConcern{level=null}, credential=null, transportSettings=null, commandListeners=[], codecRegistry=ProvidersCodecRegistry{codecProviders=[ValueCodecProvider{}, BsonValueCodecProvider{}, DBRefCodecProvider{}, DBObjectCodecProvider{}, DocumentCodecProvider{}, CollectionCodecProvider{}, IterableCodecProvider{}, MapCodecProvider{}, GeoJsonCodecProvider{}, GridFSFileCodecProvider{}, Jsr310CodecProvider{}, JsonObjectCodecProvider{}, BsonCodecProvider{}, com.mongodb.client.model.mql.ExpressionCodecProvider@47f2c722, com.mongodb.Jep395RecordCodecProvider@52ca0ad4, com.mongodb.KotlinCodecProvider@4536a715, EnumCodecProvider{}]}, loggerSettings=LoggerSettings{maxDocumentLength=1000}, clusterSettings={hosts=[localhost:27017], srvServiceName=mongodb, mode=SINGLE, requiredClusterType=UNKNOWN, requiredReplicaSetName='null', serverSelector='null', clusterListeners='[]', serverSelectionTimeout='30000 ms', localThreshold='15 ms'}, socketSettings=SocketSettings{connectTimeoutMS=10000, readTimeoutMS=0, receiveBufferSize=0, proxySettings=ProxySettings{host=null, port=null, username=null, password=null}}, heartbeatSocketSettings=SocketSettings{connectTimeoutMS=10000, readTimeoutMS=10000, receiveBufferSize=0, proxySettings=ProxySettings{host=null, port=null, username=null, password=null}}, connectionPoolSettings=ConnectionPoolSettings{maxSize=100, minSize=0, maxWaitTimeMS=120000, maxConnectionLifeTimeMS=0, maxConnectionIdleTimeMS=0, maintenanceInitialDelayMS=0, maintenanceFrequencyMS=60000, connectionPoolListeners=[], maxConnecting=2}, serverSettings=ServerSettings{heartbeatFrequencyMS=10000, minHeartbeatFrequencyMS=500, serverMonitoringMode=AUTO, serverListeners='[]', serverMonitorListeners='[]'}, sslSettings=SslSettings{enabled=false, invalidHostNameAllowed=false, context=null}, applicationName='null', compressorList=[], uuidRepresentation=UNSPECIFIED, serverApi=null, autoEncryptionSettings=null, dnsClient=null, inetAddressResolver=null, contextProvider=null, timeoutMS=null}
2026-05-19T09:19:38.936+05:30  INFO 24100 --- [userService] [localhost:27017] org.mongodb.driver.cluster               : Monitor thread successfully connected to server with description ServerDescription{address=localhost:27017, type=STANDALONE, cryptd=false, state=CONNECTED, ok=true, minWireVersion=0, maxWireVersion=25, maxDocumentSize=16777216, logicalSessionTimeoutMinutes=30, roundTripTimeNanos=14865300, minRoundTripTimeNanos=0}
2026-05-19T09:19:39.339+05:30  INFO 24100 --- [userService] [           main] r$InitializeUserDetailsManagerConfigurer : Global AuthenticationManager configured with UserDetailsService bean with name userDetailsServiceImpl
2026-05-19T09:19:40.148+05:30  INFO 24100 --- [userService] [           main] DiscoveryClientOptionalArgsConfiguration : Eureka HTTP Client uses RestClient.
2026-05-19T09:19:40.201+05:30  WARN 24100 --- [userService] [           main] iguration$LoadBalancerCaffeineWarnLogger : Spring Cloud LoadBalancer is currently working with the default cache. While this cache implementation is useful for development and tests, it's recommended to use Caffeine cache in production.You can switch to using Caffeine cache, by adding it and org.springframework.cache.caffeine.CaffeineCacheManager to the classpath.
2026-05-19T09:19:40.236+05:30  INFO 24100 --- [userService] [           main] o.s.boot.tomcat.TomcatWebServer          : Tomcat started on port 64575 (http) with context path '/'
2026-05-19T09:19:40.237+05:30  INFO 24100 --- [userService] [           main] .s.c.n.e.s.EurekaAutoServiceRegistration : Updating port to 64575
2026-05-19T09:19:40.242+05:30  INFO 24100 --- [userService] [           main] o.s.c.n.eureka.InstanceInfoFactory       : Setting initial instance status as: STARTING
2026-05-19T09:19:40.276+05:30  INFO 24100 --- [userService] [           main] com.netflix.discovery.DiscoveryClient    : Initializing Eureka in region us-east-1
2026-05-19T09:19:40.280+05:30  INFO 24100 --- [userService] [           main] c.n.d.s.r.aws.ConfigClusterResolver      : Resolving eureka endpoints via configuration
2026-05-19T09:19:40.291+05:30  INFO 24100 --- [userService] [           main] com.netflix.discovery.DiscoveryClient    : Disable delta property : false
2026-05-19T09:19:40.291+05:30  INFO 24100 --- [userService] [           main] com.netflix.discovery.DiscoveryClient    : Single vip registry refresh property : null
2026-05-19T09:19:40.291+05:30  INFO 24100 --- [userService] [           main] com.netflix.discovery.DiscoveryClient    : Force full registry fetch : false
2026-05-19T09:19:40.291+05:30  INFO 24100 --- [userService] [           main] com.netflix.discovery.DiscoveryClient    : Application is null : false
2026-05-19T09:19:40.291+05:30  INFO 24100 --- [userService] [           main] com.netflix.discovery.DiscoveryClient    : Registered Applications size is zero : true
2026-05-19T09:19:40.291+05:30  INFO 24100 --- [userService] [           main] com.netflix.discovery.DiscoveryClient    : Application version is -1: true
2026-05-19T09:19:40.292+05:30  INFO 24100 --- [userService] [           main] com.netflix.discovery.DiscoveryClient    : Getting all instance registry info from the eureka server
2026-05-19T09:19:41.007+05:30  INFO 24100 --- [userService] [           main] com.netflix.discovery.DiscoveryClient    : The response status is 200
2026-05-19T09:19:41.011+05:30  INFO 24100 --- [userService] [           main] com.netflix.discovery.DiscoveryClient    : Starting heartbeat executor: renew interval is: 30
2026-05-19T09:19:41.014+05:30  INFO 24100 --- [userService] [           main] c.n.discovery.InstanceInfoReplicator     : InstanceInfoReplicator onDemand update allowed rate per min is 4
2026-05-19T09:19:41.017+05:30  INFO 24100 --- [userService] [           main] com.netflix.discovery.DiscoveryClient    : Discovery Client initialized at timestamp 1779162581016 with initial instances count: 0
2026-05-19T09:19:41.022+05:30  INFO 24100 --- [userService] [           main] o.s.c.n.e.s.EurekaServiceRegistry        : Registering application USERSERVICE with eureka with status UP
2026-05-19T09:19:41.023+05:30  INFO 24100 --- [userService] [           main] com.netflix.discovery.DiscoveryClient    : Saw local status change event StatusChangeEvent [timestamp=1779162581023, current=UP, previous=STARTING]
2026-05-19T09:19:41.026+05:30  INFO 24100 --- [userService] [foReplicator-%d] com.netflix.discovery.DiscoveryClient    : DiscoveryClient_USERSERVICE/SparkNotFunky:userService:0: registering service...
2026-05-19T09:19:41.042+05:30  INFO 24100 --- [userService] [           main] c.d.userService.UserServiceApplication   : Started UserServiceApplication in 4.009 seconds (process running for 4.452)
2026-05-19T09:19:41.344+05:30  INFO 24100 --- [userService] [foReplicator-%d] com.netflix.discovery.DiscoveryClient    : DiscoveryClient_USERSERVICE/SparkNotFunky:userService:0 - registration status: 204
2026-05-19T09:20:11.013+05:30  INFO 24100 --- [userService] [reshExecutor-%d] com.netflix.discovery.DiscoveryClient    : Disable delta property : false
2026-05-19T09:20:11.014+05:30  INFO 24100 --- [userService] [reshExecutor-%d] com.netflix.discovery.DiscoveryClient    : Single vip registry refresh property : null
2026-05-19T09:20:11.014+05:30  INFO 24100 --- [userService] [reshExecutor-%d] com.netflix.discovery.DiscoveryClient    : Force full registry fetch : false
2026-05-19T09:20:11.014+05:30  INFO 24100 --- [userService] [reshExecutor-%d] com.netflix.discovery.DiscoveryClient    : Application is null : false
2026-05-19T09:20:11.014+05:30  INFO 24100 --- [userService] [reshExecutor-%d] com.netflix.discovery.DiscoveryClient    : Registered Applications size is zero : true
2026-05-19T09:20:11.015+05:30  INFO 24100 --- [userService] [reshExecutor-%d] com.netflix.discovery.DiscoveryClient    : Application version is -1: false
2026-05-19T09:20:11.015+05:30  INFO 24100 --- [userService] [reshExecutor-%d] com.netflix.discovery.DiscoveryClient    : Getting all instance registry info from the eureka server
2026-05-19T09:20:11.115+05:30  INFO 24100 --- [userService] [reshExecutor-%d] com.netflix.discovery.DiscoveryClient    : The response status is 200
